Determining if the pthread_create exist failed with the following output:
Change Dir: /c/Users/kristjan/git/aoc2020/day02/lib/build/CMakeFiles/CMakeTmp

Run Build Command:"/usr/bin/make" "cmTC_f4d25/fast"
/usr/bin/make -f CMakeFiles/cmTC_f4d25.dir/build.make CMakeFiles/cmTC_f4d25.dir/build
make[1]: Entering directory '/c/Users/kristjan/git/aoc2020/day02/lib/build/CMakeFiles/CMakeTmp'
Building C object CMakeFiles/cmTC_f4d25.dir/CheckSymbolExists.c.o
/usr/bin/cc    -o CMakeFiles/cmTC_f4d25.dir/CheckSymbolExists.c.o   -c /c/Users/kristjan/git/aoc2020/day02/lib/build/CMakeFiles/CMakeTmp/CheckSymbolExists.c
Linking C executable cmTC_f4d25
/usr/bin/cmake -E cmake_link_script CMakeFiles/cmTC_f4d25.dir/link.txt --verbose=1
/usr/bin/cc      CMakeFiles/cmTC_f4d25.dir/CheckSymbolExists.c.o  -o cmTC_f4d25 
CMakeFiles/cmTC_f4d25.dir/CheckSymbolExists.c.o: In function `main':
CheckSymbolExists.c:(.text+0x1b): undefined reference to `pthread_create'
collect2: error: ld returned 1 exit status
CMakeFiles/cmTC_f4d25.dir/build.make:97: recipe for target 'cmTC_f4d25' failed
make[1]: *** [cmTC_f4d25] Error 1
make[1]: Leaving directory '/c/Users/kristjan/git/aoc2020/day02/lib/build/CMakeFiles/CMakeTmp'
Makefile:126: recipe for target 'cmTC_f4d25/fast' failed
make: *** [cmTC_f4d25/fast] Error 2

File /c/Users/kristjan/git/aoc2020/day02/lib/build/CMakeFiles/CMakeTmp/CheckSymbolExists.c:
/* */
#include <pthread.h>

int main(int argc, char** argv)
{
  (void)argv;
#ifndef pthread_create
  return ((int*)(&pthread_create))[argc];
#else
  (void)argc;
  return 0;
#endif
}

Determining if the function pthread_create exists in the pthreads failed with the following output:
Change Dir: /c/Users/kristjan/git/aoc2020/day02/lib/build/CMakeFiles/CMakeTmp

Run Build Command:"/usr/bin/make" "cmTC_9d9db/fast"
/usr/bin/make -f CMakeFiles/cmTC_9d9db.dir/build.make CMakeFiles/cmTC_9d9db.dir/build
make[1]: Entering directory '/c/Users/kristjan/git/aoc2020/day02/lib/build/CMakeFiles/CMakeTmp'
Building C object CMakeFiles/cmTC_9d9db.dir/CheckFunctionExists.c.o
/usr/bin/cc   -DCHECK_FUNCTION_EXISTS=pthread_create   -o CMakeFiles/cmTC_9d9db.dir/CheckFunctionExists.c.o   -c /usr/share/cmake-3.10/Modules/CheckFunctionExists.c
Linking C executable cmTC_9d9db
/usr/bin/cmake -E cmake_link_script CMakeFiles/cmTC_9d9db.dir/link.txt --verbose=1
/usr/bin/cc  -DCHECK_FUNCTION_EXISTS=pthread_create    CMakeFiles/cmTC_9d9db.dir/CheckFunctionExists.c.o  -o cmTC_9d9db -lpthreads 
/usr/bin/ld: cannot find -lpthreads
collect2: error: ld returned 1 exit status
CMakeFiles/cmTC_9d9db.dir/build.make:97: recipe for target 'cmTC_9d9db' failed
make[1]: *** [cmTC_9d9db] Error 1
make[1]: Leaving directory '/c/Users/kristjan/git/aoc2020/day02/lib/build/CMakeFiles/CMakeTmp'
Makefile:126: recipe for target 'cmTC_9d9db/fast' failed
make: *** [cmTC_9d9db/fast] Error 2


