Determining if the pthread_create exist failed with the following output:
Change Dir: /c/Users/kristjan/git/aoc2020/lib/readinput/build/CMakeFiles/CMakeTmp

Run Build Command:"/usr/bin/make" "cmTC_c7eff/fast"
/usr/bin/make -f CMakeFiles/cmTC_c7eff.dir/build.make CMakeFiles/cmTC_c7eff.dir/build
make[1]: Entering directory '/c/Users/kristjan/git/aoc2020/lib/readinput/build/CMakeFiles/CMakeTmp'
Building C object CMakeFiles/cmTC_c7eff.dir/CheckSymbolExists.c.o
/usr/bin/cc    -o CMakeFiles/cmTC_c7eff.dir/CheckSymbolExists.c.o   -c /c/Users/kristjan/git/aoc2020/lib/readinput/build/CMakeFiles/CMakeTmp/CheckSymbolExists.c
Linking C executable cmTC_c7eff
/usr/bin/cmake -E cmake_link_script CMakeFiles/cmTC_c7eff.dir/link.txt --verbose=1
/usr/bin/cc      CMakeFiles/cmTC_c7eff.dir/CheckSymbolExists.c.o  -o cmTC_c7eff 
CMakeFiles/cmTC_c7eff.dir/CheckSymbolExists.c.o: In function `main':
CheckSymbolExists.c:(.text+0x1b): undefined reference to `pthread_create'
collect2: error: ld returned 1 exit status
CMakeFiles/cmTC_c7eff.dir/build.make:97: recipe for target 'cmTC_c7eff' failed
make[1]: *** [cmTC_c7eff] Error 1
make[1]: Leaving directory '/c/Users/kristjan/git/aoc2020/lib/readinput/build/CMakeFiles/CMakeTmp'
Makefile:126: recipe for target 'cmTC_c7eff/fast' failed
make: *** [cmTC_c7eff/fast] Error 2

File /c/Users/kristjan/git/aoc2020/lib/readinput/build/CMakeFiles/CMakeTmp/CheckSymbolExists.c:
/* */
#include <pthread.h>

int main(int argc, char** argv)
{
  (void)argv;
#ifndef pthread_create
  return ((int*)(&pthread_create))[argc];
#else
  (void)argc;
  return 0;
#endif
}

Determining if the function pthread_create exists in the pthreads failed with the following output:
Change Dir: /c/Users/kristjan/git/aoc2020/lib/readinput/build/CMakeFiles/CMakeTmp

Run Build Command:"/usr/bin/make" "cmTC_01c6d/fast"
/usr/bin/make -f CMakeFiles/cmTC_01c6d.dir/build.make CMakeFiles/cmTC_01c6d.dir/build
make[1]: Entering directory '/c/Users/kristjan/git/aoc2020/lib/readinput/build/CMakeFiles/CMakeTmp'
Building C object CMakeFiles/cmTC_01c6d.dir/CheckFunctionExists.c.o
/usr/bin/cc   -DCHECK_FUNCTION_EXISTS=pthread_create   -o CMakeFiles/cmTC_01c6d.dir/CheckFunctionExists.c.o   -c /usr/share/cmake-3.10/Modules/CheckFunctionExists.c
Linking C executable cmTC_01c6d
/usr/bin/cmake -E cmake_link_script CMakeFiles/cmTC_01c6d.dir/link.txt --verbose=1
/usr/bin/cc  -DCHECK_FUNCTION_EXISTS=pthread_create    CMakeFiles/cmTC_01c6d.dir/CheckFunctionExists.c.o  -o cmTC_01c6d -lpthreads 
/usr/bin/ld: cannot find -lpthreads
collect2: error: ld returned 1 exit status
CMakeFiles/cmTC_01c6d.dir/build.make:97: recipe for target 'cmTC_01c6d' failed
make[1]: *** [cmTC_01c6d] Error 1
make[1]: Leaving directory '/c/Users/kristjan/git/aoc2020/lib/readinput/build/CMakeFiles/CMakeTmp'
Makefile:126: recipe for target 'cmTC_01c6d/fast' failed
make: *** [cmTC_01c6d/fast] Error 2


